<?xml version="1.0" encoding="UTF-8"?>
<!-- Generated by org.testng.reporters.JUnitReportReporter -->
<testsuite skipped="0" hostname="LAPTOP-4TARQOGN" name="involve.me.Tests.OrganizationSettingsTest" tests="3" failures="0" timestamp="23 ינו 2020 19:40:21 GMT" time="7.482" errors="0">
  <testcase name="t_02createNewOrganization" time="0.890" classname="involve.me.Tests.OrganizationSettingsTest"/>
  <testcase name="t_01changeOrganizationName" time="5.371" classname="involve.me.Tests.OrganizationSettingsTest"/>
  <testcase name="t_03changeOrganization" time="1.221" classname="involve.me.Tests.OrganizationSettingsTest"/>
</testsuite> <!-- involve.me.Tests.OrganizationSettingsTest -->
