<?xml version="1.0" encoding="UTF-8"?>
<!-- Generated by org.testng.reporters.JUnitReportReporter -->
<testsuite skipped="0" hostname="LAPTOP-4TARQOGN" name="involve.me.Tests.YourAccountTest" tests="1" failures="0" timestamp="26 ינו 2020 21:57:58 GMT" time="5.844" errors="0">
  <testcase name="t_01updateInformation" time="5.844" classname="involve.me.Tests.YourAccountTest"/>
</testsuite> <!-- involve.me.Tests.YourAccountTest -->
