<?xml version="1.0" encoding="UTF-8"?>
<!-- Generated by org.testng.reporters.JUnitReportReporter -->
<testsuite skipped="0" hostname="LAPTOP-4TARQOGN" name="involve.me.Tests.GeneralSettingsTest" tests="1" failures="0" timestamp="20 ינו 2020 08:52:50 GMT" time="21.556" errors="0">
  <testcase name="t_01changeProjectSettings" time="21.556" classname="involve.me.Tests.GeneralSettingsTest"/>
</testsuite> <!-- involve.me.Tests.GeneralSettingsTest -->
