<?xml version="1.0" encoding="UTF-8"?>
<!-- Generated by org.testng.reporters.JUnitReportReporter -->
<testsuite skipped="0" hostname="LAPTOP-4TARQOGN" name="involve.me.Tests.LogInTest" tests="4" failures="0" timestamp="26 ינו 2020 21:57:58 GMT" time="11.620" errors="0">
  <testcase name="t_01logInSuccess" time="0.408" classname="involve.me.Tests.LogInTest"/>
  <testcase name="t_02logInFaild" time="5.660" classname="involve.me.Tests.LogInTest"/>
  <testcase name="t_03resetPassFaild" time="2.923" classname="involve.me.Tests.LogInTest"/>
  <testcase name="t_04resetPassFaild" time="2.629" classname="involve.me.Tests.LogInTest"/>
</testsuite> <!-- involve.me.Tests.LogInTest -->
