<?xml version="1.0" encoding="UTF-8"?>
<!-- Generated by org.testng.reporters.JUnitReportReporter -->
<testsuite skipped="0" hostname="LAPTOP-4TARQOGN" name="involve.me.Tests.LogInTest" tests="4" failures="0" timestamp="22 ינו 2020 19:20:41 GMT" time="12.471" errors="0">
  <testcase name="t_04resetPassFaild" time="2.294" classname="involve.me.Tests.LogInTest"/>
  <testcase name="t_01logInSuccess" time="0.328" classname="involve.me.Tests.LogInTest"/>
  <testcase name="t_02logInFaild" time="7.390" classname="involve.me.Tests.LogInTest"/>
  <testcase name="t_03resetPassFaild" time="2.459" classname="involve.me.Tests.LogInTest"/>
</testsuite> <!-- involve.me.Tests.LogInTest -->
