<?xml version="1.0" encoding="UTF-8"?>
<!-- Generated by org.testng.reporters.JUnitReportReporter -->
<testsuite skipped="0" hostname="LAPTOP-4TARQOGN" name="involve.me.Tests.GeneralSettingsTest" tests="1" failures="0" timestamp="26 ינו 2020 23:05:52 GMT" time="14.790" errors="0">
  <testcase name="t_01changeProjectSettings" time="14.790" classname="involve.me.Tests.GeneralSettingsTest"/>
</testsuite> <!-- involve.me.Tests.GeneralSettingsTest -->
