<?xml version="1.0" encoding="UTF-8"?>
<!-- Generated by org.testng.reporters.JUnitReportReporter -->
<testsuite skipped="0" hostname="LAPTOP-4TARQOGN" name="involve.me.Tests.NewProjectTest" tests="1" failures="0" timestamp="23 ינו 2020 20:29:01 GMT" time="21.784" errors="0">
  <testcase name="t_01chooseTemplate" time="21.784" classname="involve.me.Tests.NewProjectTest"/>
</testsuite> <!-- involve.me.Tests.NewProjectTest -->
