<?xml version="1.0" encoding="UTF-8"?>
<!-- Generated by org.testng.reporters.JUnitReportReporter -->
<testsuite skipped="3" hostname="LAPTOP-4TARQOGN" name="involve.me.Tests.MainTest" tests="4" failures="0" timestamp="27 ינו 2020 18:42:04 GMT" time="2.820" errors="0">
  <testcase name="t_04renameWorkspace" time="2.820" classname="involve.me.Tests.MainTest"/>
  <testcase name="t_01deleteProject" classname="involve.me.Tests.MainTest">
    <skipped/>
  </testcase> <!-- t_01deleteProject -->
  <testcase name="t_02addNewWorkspace" classname="involve.me.Tests.MainTest">
    <skipped/>
  </testcase> <!-- t_02addNewWorkspace -->
  <testcase name="t_03deleteWorkspace" classname="involve.me.Tests.MainTest">
    <skipped/>
  </testcase> <!-- t_03deleteWorkspace -->
</testsuite> <!-- involve.me.Tests.MainTest -->
