<?xml version="1.0" encoding="UTF-8"?>
<!-- Generated by org.testng.reporters.JUnitReportReporter -->
<testsuite skipped="0" hostname="LAPTOP-4TARQOGN" name="involve.me.Tests.MainTest" tests="1" failures="0" timestamp="24 ינו 2020 10:11:11 GMT" time="13.372" errors="0">
  <testcase name="t_01deleteProject" time="13.372" classname="involve.me.Tests.MainTest"/>
</testsuite> <!-- involve.me.Tests.MainTest -->
