<?xml version="1.0" encoding="UTF-8"?>
<!-- Generated by org.testng.reporters.JUnitReportReporter -->
<testsuite skipped="0" hostname="LAPTOP-4TARQOGN" name="involve.me.Tests.YourAccountTest" tests="1" failures="0" timestamp="21 ינו 2020 18:04:24 GMT" time="6.487" errors="0">
  <testcase name="t_01updateInformation" time="6.487" classname="involve.me.Tests.YourAccountTest"/>
</testsuite> <!-- involve.me.Tests.YourAccountTest -->
