<?xml version="1.0" encoding="UTF-8"?>
<!-- Generated by org.testng.reporters.JUnitReportReporter -->
<testsuite skipped="0" hostname="LAPTOP-4TARQOGN" name="involve.me.Tests.MainTest" tests="4" failures="0" timestamp="27 ינו 2020 18:04:46 GMT" time="27.257" errors="0">
  <testcase name="t_03deleteWorkspace" time="4.796" classname="involve.me.Tests.MainTest"/>
  <testcase name="t_02addNewWorkspace" time="1.273" classname="involve.me.Tests.MainTest"/>
  <testcase name="t_04renameWorkspace" time="7.170" classname="involve.me.Tests.MainTest"/>
  <testcase name="t_01deleteProject" time="14.018" classname="involve.me.Tests.MainTest"/>
</testsuite> <!-- involve.me.Tests.MainTest -->
