<?xml version="1.0" encoding="UTF-8"?>
<!-- Generated by org.testng.reporters.JUnitReportReporter -->
<testsuite skipped="0" hostname="LAPTOP-4TARQOGN" name="involve.me.Tests.GeneralSettingsTest" tests="1" failures="0" timestamp="27 ינו 2020 18:04:46 GMT" time="21.649" errors="0">
  <testcase name="t_01changeProjectSettings" time="21.649" classname="involve.me.Tests.GeneralSettingsTest"/>
</testsuite> <!-- involve.me.Tests.GeneralSettingsTest -->
