<?xml version="1.0" encoding="UTF-8"?>
<!-- Generated by org.testng.reporters.JUnitReportReporter -->
<testsuite skipped="0" hostname="LAPTOP-4TARQOGN" name="involve.me.Tests.OrganizationSettingsTest" tests="3" failures="0" timestamp="27 ינו 2020 18:04:46 GMT" time="7.478" errors="0">
  <testcase name="t_01changeOrganizationName" time="3.453" classname="involve.me.Tests.OrganizationSettingsTest"/>
  <testcase name="t_03changeOrganization" time="2.215" classname="involve.me.Tests.OrganizationSettingsTest"/>
  <testcase name="t_02createNewOrganization" time="1.810" classname="involve.me.Tests.OrganizationSettingsTest"/>
</testsuite> <!-- involve.me.Tests.OrganizationSettingsTest -->
