<?xml version="1.0" encoding="UTF-8"?>
<!-- Generated by org.testng.reporters.JUnitReportReporter -->
<testsuite skipped="0" hostname="LAPTOP-4TARQOGN" name="involve.me.Tests.MainTest" tests="4" failures="0" timestamp="23 ינו 2020 20:33:01 GMT" time="23.421" errors="0">
  <testcase name="t_01deleteProject" time="13.934" classname="involve.me.Tests.MainTest"/>
  <testcase name="t_04renameWorkspace" time="5.547" classname="involve.me.Tests.MainTest"/>
  <testcase name="t_03deleteWorkspace" time="1.184" classname="involve.me.Tests.MainTest"/>
  <testcase name="t_02addNewWorkspace" time="2.756" classname="involve.me.Tests.MainTest"/>
</testsuite> <!-- involve.me.Tests.MainTest -->
