<?xml version="1.0" encoding="UTF-8"?>
<!-- Generated by org.testng.reporters.JUnitReportReporter -->
<testsuite skipped="0" hostname="LAPTOP-4TARQOGN" name="involve.me.Tests.LogInTest" tests="4" failures="0" timestamp="23 ינו 2020 20:33:01 GMT" time="9.152" errors="0">
  <testcase name="t_03resetPassFaild" time="1.559" classname="involve.me.Tests.LogInTest"/>
  <testcase name="t_01logInSuccess" time="0.080" classname="involve.me.Tests.LogInTest"/>
  <testcase name="t_04resetPassFaild" time="1.691" classname="involve.me.Tests.LogInTest"/>
  <testcase name="t_02logInFaild" time="5.822" classname="involve.me.Tests.LogInTest"/>
</testsuite> <!-- involve.me.Tests.LogInTest -->
