<?xml version="1.0" encoding="UTF-8"?>
<!-- Generated by org.testng.reporters.JUnitReportReporter -->
<testsuite skipped="0" hostname="LAPTOP-4TARQOGN" name="involve.me.Tests.LogInTest" tests="4" failures="0" timestamp="27 ינו 2020 18:04:46 GMT" time="11.941" errors="0">
  <testcase name="t_04resetPassFaild" time="2.890" classname="involve.me.Tests.LogInTest"/>
  <testcase name="t_01logInSuccess" time="0.264" classname="involve.me.Tests.LogInTest"/>
  <testcase name="t_02logInFaild" time="6.283" classname="involve.me.Tests.LogInTest"/>
  <testcase name="t_03resetPassFaild" time="2.504" classname="involve.me.Tests.LogInTest"/>
</testsuite> <!-- involve.me.Tests.LogInTest -->
