<?xml version="1.0" encoding="UTF-8"?>
<!-- Generated by org.testng.reporters.JUnitReportReporter -->
<testsuite skipped="0" hostname="LAPTOP-4TARQOGN" name="involve.me.Tests.NewProjectTest" tests="1" failures="0" timestamp="27 ינו 2020 18:04:46 GMT" time="18.176" errors="0">
  <testcase name="t_01chooseTemplate" time="18.176" classname="involve.me.Tests.NewProjectTest"/>
</testsuite> <!-- involve.me.Tests.NewProjectTest -->
